[MFLOG|0|2024-09-19T15:58:17.077732Z|runtime|7dd6c955-5435-45a7-bf82-3935e6b54ddf]Training the model...
[MFLOG|0|2024-09-19T15:58:21.279746Z|runtime|5fafb738-93bc-4b1e-a1f5-40daa0087ce6]X_train [[[   0]
[MFLOG|0|2024-09-19T15:58:21.279900Z|runtime|29dc8b4e-5042-46cc-ab62-6b5207cac104]  [   0]
[MFLOG|0|2024-09-19T15:58:21.279951Z|runtime|f8f335f2-6aba-4297-9c89-f50d8d03a0c6]  [   0]
[MFLOG|0|2024-09-19T15:58:21.279984Z|runtime|7fc9a39b-1ccc-49cc-bf80-25c723180c3e]  [   0]
[MFLOG|0|2024-09-19T15:58:21.280016Z|runtime|4f0ecb13-f8bb-4f57-bfc3-48568b259f8b]  [   0]
[MFLOG|0|2024-09-19T15:58:21.280046Z|runtime|adaa4ab1-3ec2-444d-98a8-ea5dabdcf2c0]  [   0]
[MFLOG|0|2024-09-19T15:58:21.280071Z|runtime|39855dea-e1d2-4b34-a3ff-110ebcc11863]  [   0]
[MFLOG|0|2024-09-19T15:58:21.280109Z|runtime|d39f41e0-8622-4eb6-8cc4-e9197432b85f]  [   0]
[MFLOG|0|2024-09-19T15:58:21.280134Z|runtime|0803a450-bf81-4d17-817d-bc08cb0e8a65]  [   0]
[MFLOG|0|2024-09-19T15:58:21.280155Z|runtime|9deaca59-a3a9-4d0b-85ea-f40f0eb47d8f]  [   0]
[MFLOG|0|2024-09-19T15:58:21.280181Z|runtime|34f89aca-3ba1-461e-933b-188fb76f6f5b]  [   0]
[MFLOG|0|2024-09-19T15:58:21.280201Z|runtime|6e2eb228-6710-47ed-b174-5ebf8c2f93a4]  [   0]
[MFLOG|0|2024-09-19T15:58:21.280224Z|runtime|702169d9-9bb2-4972-a85a-4580116763e6]  [   0]
[MFLOG|0|2024-09-19T15:58:21.280242Z|runtime|b0a7eb34-cf32-4941-905f-f539a042872f]  [   0]
[MFLOG|0|2024-09-19T15:58:21.280262Z|runtime|bc1d06e5-fb00-4331-bf46-1def307127e6]  [   0]
[MFLOG|0|2024-09-19T15:58:21.280280Z|runtime|97c9fadf-05f8-4bcb-ac72-1b526f78cbce]  [   0]
[MFLOG|0|2024-09-19T15:58:21.280298Z|runtime|30864739-b544-42e4-87b7-5bf533e9bae7]  [   0]
[MFLOG|0|2024-09-19T15:58:21.280330Z|runtime|77d2376f-e260-4bc6-9c10-c1176c2d4069]  [   0]
[MFLOG|0|2024-09-19T15:58:21.280348Z|runtime|fb31f790-41d4-4e11-941c-3481c41706a0]  [   0]
[MFLOG|0|2024-09-19T15:58:21.280378Z|runtime|ebf8d93e-c915-4621-a506-32d2e00cb7ea]  [   0]
[MFLOG|0|2024-09-19T15:58:21.280399Z|runtime|f65cc0ad-6c02-47d8-a7bb-af2becfa10ec]  [   0]
[MFLOG|0|2024-09-19T15:58:21.280421Z|runtime|6313cff7-b100-4617-be84-05c59f6c3238]  [   0]
[MFLOG|0|2024-09-19T15:58:21.280448Z|runtime|6beb2cc4-e3cf-4d82-b1e2-d26834e19907]  [   0]
[MFLOG|0|2024-09-19T15:58:21.280470Z|runtime|9d58d9b3-20a4-4e66-9c47-47ea1595f529]  [   0]
[MFLOG|0|2024-09-19T15:58:21.280499Z|runtime|39e7de69-476f-4617-b4b8-80e7a6194592]  [   0]
[MFLOG|0|2024-09-19T15:58:21.280523Z|runtime|e3288874-4849-4e92-8739-737ee21c81e1]  [   0]
[MFLOG|0|2024-09-19T15:58:21.280547Z|runtime|4d2dc1b3-5a27-441f-ac52-fdbce50a382c]  [   0]
[MFLOG|0|2024-09-19T15:58:21.280567Z|runtime|c02dd598-1139-4a11-a784-36eda63fad15]  [   0]
[MFLOG|0|2024-09-19T15:58:21.280586Z|runtime|10cf2e38-bed5-453e-a869-390e32e901a0]  [   0]
[MFLOG|0|2024-09-19T15:58:21.280605Z|runtime|090b2b16-c62a-463e-8847-e999ed9c93f3]  [   0]
[MFLOG|0|2024-09-19T15:58:21.280629Z|runtime|7ae929f0-2d14-486c-903a-a7e2b64d5a18]  [   0]
[MFLOG|0|2024-09-19T15:58:21.280646Z|runtime|75f0c6d1-be3d-4fd1-ac60-548625d6c727]  [   0]
[MFLOG|0|2024-09-19T15:58:21.280664Z|runtime|0253eb8b-ff8d-49aa-9b4e-fef75f11f03d]  [   0]
[MFLOG|0|2024-09-19T15:58:21.280681Z|runtime|d63e529a-8f6d-4414-b9de-d25b42f99296]  [   0]
[MFLOG|0|2024-09-19T15:58:21.280707Z|runtime|3f38f1de-3880-4f76-b8c1-1959ccfc0639]  [   0]
[MFLOG|0|2024-09-19T15:58:21.280724Z|runtime|0597928c-30ce-41a4-ada7-ecb6faa4acd7]  [   0]
[MFLOG|0|2024-09-19T15:58:21.280745Z|runtime|318756b9-af41-46f1-b09e-b1c47fbc0197]  [   0]
[MFLOG|0|2024-09-19T15:58:21.280762Z|runtime|9c9abd94-3537-436d-9e1a-a7c84b538b8b]  [   0]
[MFLOG|0|2024-09-19T15:58:21.280779Z|runtime|29503aeb-98a3-4aa7-b784-ed20b0639d7f]  [   0]
[MFLOG|0|2024-09-19T15:58:21.280795Z|runtime|33c080d4-d995-4fad-a98f-2d12750ba502]  [   0]
[MFLOG|0|2024-09-19T15:58:21.280813Z|runtime|d3de39ae-54b4-4c64-b7ed-aa4db84ac55b]  [   0]
[MFLOG|0|2024-09-19T15:58:21.280842Z|runtime|2919194d-95bb-4b64-be5f-09ecda062f78]  [   0]
[MFLOG|0|2024-09-19T15:58:21.280859Z|runtime|b3dff6da-a64d-4d50-8cdc-f7e76e16ddf1]  [   0]
[MFLOG|0|2024-09-19T15:58:21.280877Z|runtime|ff22b112-97e6-4d4b-b855-b4c83bf32d9f]  [   0]
[MFLOG|0|2024-09-19T15:58:21.280894Z|runtime|b0cf9052-edc0-4406-bb70-da583d06e0f4]  [   0]
[MFLOG|0|2024-09-19T15:58:21.280912Z|runtime|0a765196-b7b6-48a5-8b80-0dae97a38f3f]  [   0]
[MFLOG|0|2024-09-19T15:58:21.280933Z|runtime|beeb0e56-a705-41bf-8c3f-c791131500fd]  [   0]
[MFLOG|0|2024-09-19T15:58:21.280954Z|runtime|fde10f48-514e-4818-bf6c-b55933cd213f]  [   0]
[MFLOG|0|2024-09-19T15:58:21.280974Z|runtime|07104e34-6479-46a3-866b-00d2f8a72edc]  [   0]
[MFLOG|0|2024-09-19T15:58:21.280992Z|runtime|3fd64eb1-deb6-4b21-8d07-c12b6276d053]  [   0]
[MFLOG|0|2024-09-19T15:58:21.281009Z|runtime|327bb88f-7a46-4ab3-a48b-6397300af681]  [   0]
[MFLOG|0|2024-09-19T15:58:21.281026Z|runtime|dd45fffd-9bbd-4d40-aaf7-65d520c92a58]  [   0]
[MFLOG|0|2024-09-19T15:58:21.281056Z|runtime|3d0b9d1b-a326-4791-8ad6-369fee949e33]  [   0]
[MFLOG|0|2024-09-19T15:58:21.281078Z|runtime|6e158ecd-167a-4bb6-a95c-c7b161e00b38]  [   0]
[MFLOG|0|2024-09-19T15:58:21.281097Z|runtime|45a64634-ec39-4b53-a9c3-ac5366ef6e18]  [   0]
[MFLOG|0|2024-09-19T15:58:21.281118Z|runtime|b8c2aea7-2b46-4420-b569-680ebc79b35f]  [   0]
[MFLOG|0|2024-09-19T15:58:21.281139Z|runtime|80403519-123c-4ec6-bfd2-ce5320ca98b5]  [   0]
[MFLOG|0|2024-09-19T15:58:21.281156Z|runtime|0800cdfd-1a2a-44e7-a8fb-84ae89ade1ab]  [   0]
[MFLOG|0|2024-09-19T15:58:21.281181Z|runtime|c099ade6-8d66-44b5-ba9d-562528d13da4]  [   0]
[MFLOG|0|2024-09-19T15:58:21.281202Z|runtime|3668e103-ed44-4834-9c02-1d045702486d]  [   0]
[MFLOG|0|2024-09-19T15:58:21.281222Z|runtime|7b545fb1-b632-4a6b-87df-b1280ef14d7c]  [   0]
[MFLOG|0|2024-09-19T15:58:21.281243Z|runtime|663db3c5-4248-490a-a42f-f8ce741ac241]  [   0]
[MFLOG|0|2024-09-19T15:58:21.281265Z|runtime|e6be6cfb-d28f-434a-924c-78e5c3410c72]  [   0]
[MFLOG|0|2024-09-19T15:58:21.281284Z|runtime|d7a5f0b3-c77f-437b-86d5-f0674c759db2]  [   0]
[MFLOG|0|2024-09-19T15:58:21.281304Z|runtime|8ccdf3a8-ec13-4ce3-80b6-b09891019f5f]  [   0]
[MFLOG|0|2024-09-19T15:58:21.281323Z|runtime|5e60d55d-1441-42c6-bd23-fe0f83136ea4]  [   0]
[MFLOG|0|2024-09-19T15:58:21.281339Z|runtime|f2e40e5a-eb80-4462-8310-adc376bfb4b6]  [   0]
[MFLOG|0|2024-09-19T15:58:21.281359Z|runtime|2c2a3ff7-dd79-4a3b-9bdc-829f15fa682e]  [   0]
[MFLOG|0|2024-09-19T15:58:21.281379Z|runtime|28fd356f-0e24-45f4-90d2-56d8e2cb4ba8]  [   0]
[MFLOG|0|2024-09-19T15:58:21.281395Z|runtime|6b2005d1-83cd-40e9-a201-d3f2cb50fa0a]  [   0]
[MFLOG|0|2024-09-19T15:58:21.281412Z|runtime|17e072ca-d206-41d6-82c4-fc4c7f80c5d2]  [   0]
[MFLOG|0|2024-09-19T15:58:21.281429Z|runtime|bf3b45e8-3456-4c99-8d95-5e314ebb1eed]  [   0]
[MFLOG|0|2024-09-19T15:58:21.281446Z|runtime|96924025-0485-4729-884b-0cd45bc6020b]  [   0]
[MFLOG|0|2024-09-19T15:58:21.281469Z|runtime|b27f4484-5c0a-41d5-a8d3-b00db01a3366]  [   0]
[MFLOG|0|2024-09-19T15:58:21.281485Z|runtime|65fb265d-7ee6-4b32-8464-90ff142e9942]  [   0]
[MFLOG|0|2024-09-19T15:58:21.281502Z|runtime|b52a3bae-edf4-4c55-8d4e-ddeb390da0ea]  [   0]
[MFLOG|0|2024-09-19T15:58:21.281519Z|runtime|d1d18860-a3b2-4df8-8eef-7c7c8f081192]  [   0]
[MFLOG|0|2024-09-19T15:58:21.281538Z|runtime|bb261732-7df9-4364-a14d-c86fd6bac7a0]  [   0]
[MFLOG|0|2024-09-19T15:58:21.281560Z|runtime|80222dcd-c8be-411c-8b9b-12c29deab2dc]  [   0]
[MFLOG|0|2024-09-19T15:58:21.281580Z|runtime|e7271aac-617d-4b44-a259-b8b468247c15]  [   0]
[MFLOG|0|2024-09-19T15:58:21.281601Z|runtime|e1386f14-995f-4c9f-82d2-6acb8e391664]  [   0]
[MFLOG|0|2024-09-19T15:58:21.281621Z|runtime|29420d35-1606-4ad6-b0a4-8770f12b31e1]  [   0]
[MFLOG|0|2024-09-19T15:58:21.281642Z|runtime|7f4dfa89-2674-40ce-85d1-e25e0106a2bb]  [   0]
[MFLOG|0|2024-09-19T15:58:21.281668Z|runtime|d09a2307-5283-4f46-ba03-ddaf3033377d]  [   0]
[MFLOG|0|2024-09-19T15:58:21.281686Z|runtime|007475ab-e730-4e8e-bb14-979d596fdafa]  [   0]
[MFLOG|0|2024-09-19T15:58:21.281705Z|runtime|bb98e2f3-3920-4953-9c7c-33216421e213]  [   0]
[MFLOG|0|2024-09-19T15:58:21.281724Z|runtime|26e98de4-dbe5-4be6-a995-5d7843f44cf6]  [   0]
[MFLOG|0|2024-09-19T15:58:21.281750Z|runtime|660438cd-e78c-431d-8343-e4bb4980a9ac]  [   0]
[MFLOG|0|2024-09-19T15:58:21.281767Z|runtime|0d0adbf9-a0e7-4e5e-af11-e291dc427505]  [   0]
[MFLOG|0|2024-09-19T15:58:21.281784Z|runtime|d4847446-5e70-4818-8f85-22fb5db1ba46]  [   0]
[MFLOG|0|2024-09-19T15:58:21.281804Z|runtime|92f96892-89f6-441d-93d3-d52c979b3a64]  [   0]
[MFLOG|0|2024-09-19T15:58:21.281824Z|runtime|d6e0bf5f-7dc0-4020-a530-f06008a2168b]  [   0]
[MFLOG|0|2024-09-19T15:58:21.281841Z|runtime|126ccff6-3fa2-4003-8cc4-4d8e68f954bf]  [   0]
[MFLOG|0|2024-09-19T15:58:21.281861Z|runtime|20a5189d-2c98-478e-bfe4-bf6e0ebae084]  [   0]
[MFLOG|0|2024-09-19T15:58:21.281891Z|runtime|2ed9c9ee-e294-44f7-b593-bd9114a2e216]  [   0]
[MFLOG|0|2024-09-19T15:58:21.281908Z|runtime|32227cc9-45c5-46ef-9791-de21eb0398af]  [   0]
[MFLOG|0|2024-09-19T15:58:21.281931Z|runtime|b4b0e97e-8e48-4053-86e0-3fe77af78fb2]  [   0]
[MFLOG|0|2024-09-19T15:58:21.281950Z|runtime|51bdd166-78dd-4127-866b-3209919424eb]  [   0]
[MFLOG|0|2024-09-19T15:58:21.281967Z|runtime|1f5d7bc3-c183-4404-8286-a8d6334b24af]  [   0]
[MFLOG|0|2024-09-19T15:58:21.281988Z|runtime|4e2cf3b7-81f5-416b-b463-d6f4480a1628]  [   0]
[MFLOG|0|2024-09-19T15:58:21.282005Z|runtime|ed5c1ec0-2e10-4c60-97ca-920c60860dff]  [   0]
[MFLOG|0|2024-09-19T15:58:21.282023Z|runtime|b42e6168-4ca2-4327-a247-232892d998e7]  [   0]
[MFLOG|0|2024-09-19T15:58:21.282043Z|runtime|f0f33275-bdcc-42af-bf2e-03b0a3d42159]  [   0]
[MFLOG|0|2024-09-19T15:58:21.282064Z|runtime|95e875c9-029d-4e62-bc26-96aff2d22740]  [   0]
[MFLOG|0|2024-09-19T15:58:21.282081Z|runtime|9e074d35-091e-490b-ad7e-65cc47783c1c]  [   0]
[MFLOG|0|2024-09-19T15:58:21.282102Z|runtime|418c7c33-b41f-449f-b23c-091d6bc70917]  [   0]
[MFLOG|0|2024-09-19T15:58:21.282125Z|runtime|8d4b989f-b68e-4cdd-b309-5f893373e9f8]  [   0]
[MFLOG|0|2024-09-19T15:58:21.282142Z|runtime|f4260283-4f05-43b8-a330-de2866855067]  [   0]
[MFLOG|0|2024-09-19T15:58:21.282162Z|runtime|75602980-8a19-419c-bbce-b1c1ab4a1169]  [   0]
[MFLOG|0|2024-09-19T15:58:21.282183Z|runtime|525654fb-d691-479e-b57c-60b6747279f4]  [   0]
[MFLOG|0|2024-09-19T15:58:21.282201Z|runtime|35c79906-7766-41fe-9922-a1e1ee47ad49]  [   0]
[MFLOG|0|2024-09-19T15:58:21.282220Z|runtime|3b5b4385-7aca-4757-a212-b90788728d1b]  [   0]
[MFLOG|0|2024-09-19T15:58:21.282238Z|runtime|6c5ad33f-7742-415d-8dbc-5521ff4d2e2d]  [   0]
[MFLOG|0|2024-09-19T15:58:21.282257Z|runtime|dd053b32-9062-4e3d-b4a6-ff417f0f1020]  [   2]
[MFLOG|0|2024-09-19T15:58:21.282273Z|runtime|d4e08236-efb6-490c-810e-e8abb01c22ca]  [  11]
[MFLOG|0|2024-09-19T15:58:21.282290Z|runtime|fc154ff6-f5de-47b1-a52b-e07f4c421ead]  [  23]
[MFLOG|0|2024-09-19T15:58:21.282306Z|runtime|5265882a-47ea-4d23-94ad-77b22a12e726]  [ 110]
[MFLOG|0|2024-09-19T15:58:21.282323Z|runtime|432ca532-7beb-46ad-958c-68cc14a2f8f2]  [  73]
[MFLOG|0|2024-09-19T15:58:21.282339Z|runtime|9d45dac1-0e37-4660-a5ed-4324ed466fae]  [ 375]
[MFLOG|0|2024-09-19T15:58:21.282356Z|runtime|da069fd7-d4b8-4ba5-ac98-91901034b7fe]  [  29]
[MFLOG|0|2024-09-19T15:58:21.282374Z|runtime|40820f85-1db2-4c43-a503-c10242fab970]  [  64]
[MFLOG|0|2024-09-19T15:58:21.282393Z|runtime|19d1f665-29c9-4a75-822e-d81aa96f4b60]  [ 178]
[MFLOG|0|2024-09-19T15:58:21.282411Z|runtime|4e4e8e74-c64e-4a0d-af6c-638407e7d7c9]  [  99]
[MFLOG|0|2024-09-19T15:58:21.282429Z|runtime|f91c8af6-13e6-4ca9-9b78-e2c1c925d8bc]  [  75]
[MFLOG|0|2024-09-19T15:58:21.282447Z|runtime|e2577b97-c603-4c24-9992-4eb8f3b0e679]  [  78]
[MFLOG|0|2024-09-19T15:58:21.282468Z|runtime|ed84d518-908e-493d-a9dc-0550557bada8]  [ 114]
[MFLOG|0|2024-09-19T15:58:21.282486Z|runtime|6f919aa1-8ae1-40f3-b11a-026114ae55fe]  [  41]
[MFLOG|0|2024-09-19T15:58:21.282505Z|runtime|22451e25-3c1f-4981-ac1b-59aa0668d5d7]  [1890]]
[MFLOG|0|2024-09-19T15:58:21.282524Z|runtime|fadb94f7-52fb-4fe0-a8f0-8da7677f4008]
[MFLOG|0|2024-09-19T15:58:21.282543Z|runtime|51e1e240-d669-4046-a579-b6cb691390b7] [[   0]
[MFLOG|0|2024-09-19T15:58:21.282564Z|runtime|3650d15a-8d01-461e-bc7e-09265bfbe847]  [   0]
[MFLOG|0|2024-09-19T15:58:21.282583Z|runtime|77bcb04f-64a5-4a65-b262-cf2072448a89]  [   0]
[MFLOG|0|2024-09-19T15:58:21.282602Z|runtime|9be54bdd-3d36-4880-b60f-19f42ed9855f]  [   0]
[MFLOG|0|2024-09-19T15:58:21.282621Z|runtime|46eaf819-57e1-44dd-bb54-c5d9f1646140]  [   0]
[MFLOG|0|2024-09-19T15:58:21.282641Z|runtime|646dcfef-4c58-4bc2-b03e-ff8f51618f2e]  [   0]
[MFLOG|0|2024-09-19T15:58:21.282662Z|runtime|f8833dce-7eba-4ce0-b847-45dc5d389ef2]  [   0]
[MFLOG|0|2024-09-19T15:58:21.282685Z|runtime|1451df08-1420-4883-b67f-e0dce5b74866]  [   0]
[MFLOG|0|2024-09-19T15:58:21.282702Z|runtime|0eb1c1c6-d743-4150-b2bd-a87e50b2fa85]  [   0]
[MFLOG|0|2024-09-19T15:58:21.282719Z|runtime|c8a0a655-b114-45de-a3e2-598ab7fee9f4]  [   0]
[MFLOG|0|2024-09-19T15:58:21.282736Z|runtime|bd86d854-f3e7-45a5-bcc5-e0d527e09b5e]  [   0]
[MFLOG|0|2024-09-19T15:58:21.282753Z|runtime|4ab19daf-542a-4dc9-9785-cc6f2d3cc362]  [   0]
[MFLOG|0|2024-09-19T15:58:21.282769Z|runtime|641b03c2-d4c0-426f-9a27-0e8a2fc87f5b]  [   0]
[MFLOG|0|2024-09-19T15:58:21.282786Z|runtime|ee336396-5436-4733-b9e4-d192d59a6802]  [   0]
[MFLOG|0|2024-09-19T15:58:21.282803Z|runtime|07d292fe-b13f-4145-9c64-3ae368460c31]  [   0]
[MFLOG|0|2024-09-19T15:58:21.282819Z|runtime|5af6a52e-981b-4c7e-b4d7-09baa503a73d]  [   0]
[MFLOG|0|2024-09-19T15:58:21.282836Z|runtime|390d18cd-d85e-4077-b9e9-e1f88089829c]  [   0]
[MFLOG|0|2024-09-19T15:58:21.282852Z|runtime|f35876dd-0049-4be5-bc9b-3c96975b24ee]  [   0]
[MFLOG|0|2024-09-19T15:58:21.282869Z|runtime|0b171d1a-3660-4b76-b7a0-b8928726058a]  [   0]
[MFLOG|0|2024-09-19T15:58:21.282885Z|runtime|ae357cc4-b62e-4a4e-9524-89dda47abee3]  [   0]
[MFLOG|0|2024-09-19T15:58:21.282902Z|runtime|2080ef4f-ff93-4e2a-9227-6be829f63c54]  [   0]
[MFLOG|0|2024-09-19T15:58:21.282940Z|runtime|b6398108-d584-42fc-af9c-f47f1e815694]  [   0]
[MFLOG|0|2024-09-19T15:58:21.282960Z|runtime|af4502fb-7b18-40ac-bb39-fdb52f0f0adf]  [   0]
[MFLOG|0|2024-09-19T15:58:21.282978Z|runtime|b0f39c57-e8fc-400d-b97b-158c1e5c7ff4]  [   0]
[MFLOG|0|2024-09-19T15:58:21.282996Z|runtime|b21451bc-e6d1-403a-ac21-cca80d2ed671]  [   0]
[MFLOG|0|2024-09-19T15:58:21.283014Z|runtime|0a3eccf7-7ea8-40bf-bc14-625a7303819b]  [   0]
[MFLOG|0|2024-09-19T15:58:21.283045Z|runtime|0d1a7cbc-853c-4154-ba78-7bc78f8b227e]  [   0]
[MFLOG|0|2024-09-19T15:58:21.283063Z|runtime|99f4d5b5-01d6-4797-9fc5-7dfd8c44b7e3]  [   0]
[MFLOG|0|2024-09-19T15:58:21.283081Z|runtime|597c33c0-8782-4c35-93f5-0d82a0c4d175]  [   0]
[MFLOG|0|2024-09-19T15:58:21.283099Z|runtime|4722d13d-3fb2-4421-a476-23084781a34d]  [   0]
[MFLOG|0|2024-09-19T15:58:21.283123Z|runtime|03d25586-d522-4d0f-8410-1b62eafa01ee]  [   0]
[MFLOG|0|2024-09-19T15:58:21.283141Z|runtime|7a7d038d-600a-4184-834d-abeafc5048e7]  [   0]
[MFLOG|0|2024-09-19T15:58:21.283160Z|runtime|22a538c9-3e25-49f0-bab1-b1ba465f048b]  [   0]
[MFLOG|0|2024-09-19T15:58:21.283180Z|runtime|16fa5cb5-3e74-408f-9635-186e8e64fdc5]  [   0]
[MFLOG|0|2024-09-19T15:58:21.283202Z|runtime|c38b10f6-59c4-451f-98e9-a67443bfad64]  [   0]
[MFLOG|0|2024-09-19T15:58:21.283220Z|runtime|51b908d6-01b2-442b-87b5-57a8623c3fe2]  [   0]
[MFLOG|0|2024-09-19T15:58:21.283237Z|runtime|c89bb548-74fb-456f-b640-afab36a793fc]  [   0]
[MFLOG|0|2024-09-19T15:58:21.283255Z|runtime|6447b698-5caa-4c6e-b50a-521d35297f39]  [   0]
[MFLOG|0|2024-09-19T15:58:21.283272Z|runtime|8229d74e-0209-4b05-aea1-5d0252e24a52]  [   0]
[MFLOG|0|2024-09-19T15:58:21.283290Z|runtime|20f2014b-f679-4d59-ae43-1cca9c4fb5a1]  [   0]
[MFLOG|0|2024-09-19T15:58:21.283307Z|runtime|d13da5cd-21a3-4018-a3ba-c01b311974e6]  [   0]
[MFLOG|0|2024-09-19T15:58:21.283325Z|runtime|d63218c4-7431-4b69-b6c5-ed6917512e9b]  [   0]
[MFLOG|0|2024-09-19T15:58:21.283342Z|runtime|d8ab32e7-c2d3-49c9-96b2-48b3fbd3c58e]  [   0]
[MFLOG|0|2024-09-19T15:58:21.283360Z|runtime|8186ebd2-7693-4085-8d13-c6e48f70a57c]  [   0]
[MFLOG|0|2024-09-19T15:58:21.283384Z|runtime|11ff4a55-d59f-429d-82cd-56877ad359a6]  [   0]
[MFLOG|0|2024-09-19T15:58:21.283406Z|runtime|39f5828d-c9a2-4aa3-bb3a-5cdec2f36da2]  [   0]
[MFLOG|0|2024-09-19T15:58:21.283423Z|runtime|9997f33d-6fb8-4bbb-85d1-ea878acee287]  [   0]
[MFLOG|0|2024-09-19T15:58:21.283446Z|runtime|65b8dfb8-d285-46d1-9bee-da9b75b38b7a]  [   0]
[MFLOG|0|2024-09-19T15:58:21.283464Z|runtime|9f4d9178-c074-40bc-9066-0c57e0f29d2b]  [   0]
[MFLOG|0|2024-09-19T15:58:21.283483Z|runtime|b41cbf60-99bf-41a8-9685-2af41b0b8273]  [   0]
[MFLOG|0|2024-09-19T15:58:21.283501Z|runtime|f30bf427-9a04-42f5-b35f-904dba6fde7c]  [   0]
[MFLOG|0|2024-09-19T15:58:21.283519Z|runtime|77fd08c7-c235-431b-8130-2cc95b222760]  [   0]
[MFLOG|0|2024-09-19T15:58:21.283537Z|runtime|e2a73afd-8346-44c1-b902-ed44d11f12d7]  [   0]
[MFLOG|0|2024-09-19T15:58:21.283557Z|runtime|54d6a5e7-136d-4968-9481-609eb7f13d1e]  [   0]
[MFLOG|0|2024-09-19T15:58:21.283575Z|runtime|8d6adfb7-0475-45bd-b65b-f0782cd14ab2]  [   0]
[MFLOG|0|2024-09-19T15:58:21.283595Z|runtime|8a6f00f2-fbbe-4c6c-b571-15c45687a2a1]  [   0]
[MFLOG|0|2024-09-19T15:58:21.283614Z|runtime|84af2e1f-6903-4ee9-b0b9-949c2ec2b274]  [   0]
[MFLOG|0|2024-09-19T15:58:21.283632Z|runtime|89a2ae12-e792-40fd-b001-022b1fb517f0]  [   0]
[MFLOG|0|2024-09-19T15:58:21.283649Z|runtime|42a207c5-654d-4920-a1cb-4faebe9ff531]  [   0]
[MFLOG|0|2024-09-19T15:58:21.283667Z|runtime|361b3da9-58e3-4c88-b640-f5a54b130055]  [   0]
[MFLOG|0|2024-09-19T15:58:21.283686Z|runtime|c66ff29b-a229-4807-8ee5-a2b4ad40aeca]  [   0]
[MFLOG|0|2024-09-19T15:58:21.283704Z|runtime|dd874f8b-38c6-42e7-884f-d44f11e8aebb]  [   0]
[MFLOG|0|2024-09-19T15:58:21.283722Z|runtime|c22f5c97-b473-40a7-b719-d2b4ced1aec8]  [   0]
[MFLOG|0|2024-09-19T15:58:21.283741Z|runtime|eef30860-7b3a-463a-b234-ee0bf2c91f78]  [   0]
[MFLOG|0|2024-09-19T15:58:21.283759Z|runtime|5eb91ab9-435e-467d-b4ef-ff2b51b215b0]  [   0]
[MFLOG|0|2024-09-19T15:58:21.283781Z|runtime|adc311ad-660d-4c71-b6f1-dcec04ff66e2]  [   0]
[MFLOG|0|2024-09-19T15:58:21.283799Z|runtime|f1f7a929-9bf3-4e6f-8347-111741b849bb]  [   0]
[MFLOG|0|2024-09-19T15:58:21.283818Z|runtime|e27f9ad8-9787-4b43-9113-c2edbe2b81df]  [   0]
[MFLOG|0|2024-09-19T15:58:21.283835Z|runtime|052c5593-47cb-4f3e-90c0-7c95cf163ced]  [   0]
[MFLOG|0|2024-09-19T15:58:21.283853Z|runtime|32ae0944-8ebe-4e9c-ab8b-fbfbfa8253ec]  [   0]
[MFLOG|0|2024-09-19T15:58:21.283871Z|runtime|2b4a0d39-58ea-4f19-a527-a3f85a52765c]  [   0]
[MFLOG|0|2024-09-19T15:58:21.283889Z|runtime|46b638d1-1b88-4f05-a1da-f4d6ba130181]  [   0]
[MFLOG|0|2024-09-19T15:58:21.283910Z|runtime|d2e0e06c-cb77-4f16-9017-2005eaee4eed]  [   0]
[MFLOG|0|2024-09-19T15:58:21.283928Z|runtime|220a51b0-d43f-4e96-8ca0-5cd2c85db9b1]  [   0]
[MFLOG|0|2024-09-19T15:58:21.283946Z|runtime|cb35e0aa-d907-474e-bc8c-6859fb3f4d4a]  [   0]
[MFLOG|0|2024-09-19T15:58:21.283964Z|runtime|64d72c73-7a15-46ca-8b27-afd8ff6a6928]  [   0]
[MFLOG|0|2024-09-19T15:58:21.283981Z|runtime|529ac9a1-05d7-402d-9456-11e52713e245]  [   0]
[MFLOG|0|2024-09-19T15:58:21.283997Z|runtime|cebd66f5-813d-46f1-8760-5e5f4f5360b5]  [   0]
[MFLOG|0|2024-09-19T15:58:21.284013Z|runtime|e2bd4aba-1d9f-41fd-ac9f-c147760bb929]  [   0]
[MFLOG|0|2024-09-19T15:58:21.284031Z|runtime|b7de439f-ad9c-4ba3-8fea-36a95e3d13a0]  [   0]
[MFLOG|0|2024-09-19T15:58:21.284049Z|runtime|67ad1b91-91b9-43f6-86fb-486881ae4e71]  [   0]
[MFLOG|0|2024-09-19T15:58:21.284066Z|runtime|1d0f1666-c498-44d1-ab62-74493946060b]  [   0]
[MFLOG|0|2024-09-19T15:58:21.284089Z|runtime|c26332e6-2446-4755-9f0c-2066a640ec9b]  [   0]
[MFLOG|0|2024-09-19T15:58:21.284105Z|runtime|493bb3ea-db3c-4a33-bf78-5ec9385a47a3]  [   0]
[MFLOG|0|2024-09-19T15:58:21.284122Z|runtime|b1099479-960e-4ddf-be59-1caf652b1989]  [   0]
[MFLOG|0|2024-09-19T15:58:21.284140Z|runtime|5eb96160-e654-481d-9e34-341805456814]  [   0]
[MFLOG|0|2024-09-19T15:58:21.284157Z|runtime|e7cd6711-b287-4a86-84b5-4ac7862254bc]  [   0]
[MFLOG|0|2024-09-19T15:58:21.284176Z|runtime|96a208bb-c759-496a-9c96-42d5d1e09825]  [   0]
[MFLOG|0|2024-09-19T15:58:21.284193Z|runtime|e2456821-82fe-4cc7-80e5-a4957db23097]  [   0]
[MFLOG|0|2024-09-19T15:58:21.284211Z|runtime|e4428b0c-a0d6-4d9b-a0ca-389cf680ed44]  [   0]
[MFLOG|0|2024-09-19T15:58:21.284235Z|runtime|b867be43-0167-4807-b2f9-0dc3619ce797]  [   0]
[MFLOG|0|2024-09-19T15:58:21.284256Z|runtime|87f35aca-af84-4e14-96e7-e55d0b38a51c]  [   0]
[MFLOG|0|2024-09-19T15:58:21.284276Z|runtime|08100ee4-75fe-443f-a47b-64d25d500d5e]  [   0]
[MFLOG|0|2024-09-19T15:58:21.284294Z|runtime|1ff826b1-30fd-4f39-80e1-f2b10a879762]  [   0]
[MFLOG|0|2024-09-19T15:58:21.284312Z|runtime|2c8c2679-fba7-444c-b999-3a875d31b8fc]  [   0]
[MFLOG|0|2024-09-19T15:58:21.284330Z|runtime|1bf4a2f5-81c0-4fc5-8cb9-269e963549df]  [   0]
[MFLOG|0|2024-09-19T15:58:21.284348Z|runtime|e2814ecc-d150-42c1-8602-abef8c6d0d72]  [   0]
[MFLOG|0|2024-09-19T15:58:21.284366Z|runtime|fef5f228-e966-4cd0-9831-96ba76080011]  [   0]
[MFLOG|0|2024-09-19T15:58:21.284392Z|runtime|a32c7f6d-14b3-4ab5-8b56-c3b2a3d6aaa2]  [   0]
[MFLOG|0|2024-09-19T15:58:21.284411Z|runtime|58219996-b238-4bb9-9ddb-c3afae155856]  [   0]
[MFLOG|0|2024-09-19T15:58:21.284431Z|runtime|6509798e-6372-48ba-b2b1-556b88325fb1]  [   0]
[MFLOG|0|2024-09-19T15:58:21.284450Z|runtime|fc8e5392-8b51-4309-a69d-44a858fe3f71]  [   0]
[MFLOG|0|2024-09-19T15:58:21.284467Z|runtime|ab36ec83-6a63-4370-bd00-c222d56b6200]  [   0]
[MFLOG|0|2024-09-19T15:58:21.284483Z|runtime|236edf06-1ed3-454e-b1b7-506fd3b4f832]  [   0]
[MFLOG|0|2024-09-19T15:58:21.284502Z|runtime|6203a067-6765-4916-a8e2-244e0cfde74a]  [   0]
[MFLOG|0|2024-09-19T15:58:21.284519Z|runtime|c2b0da73-4876-4040-8586-0e972ffcca72]  [   0]
[MFLOG|0|2024-09-19T15:58:21.284538Z|runtime|cca052a8-d431-4cb8-be32-35a4e92916c9]  [   0]
[MFLOG|0|2024-09-19T15:58:21.284555Z|runtime|b23aa8b8-d94a-4d00-aeb1-8d740aa32a81]  [   0]
[MFLOG|0|2024-09-19T15:58:21.284573Z|runtime|1fa743bc-ebfb-4de9-a10f-921d70387f0c]  [   0]
[MFLOG|0|2024-09-19T15:58:21.284596Z|runtime|bc23369b-4a3c-478c-ba63-81992c4749b2]  [   0]
[MFLOG|0|2024-09-19T15:58:21.284626Z|runtime|ef8ce351-fa36-4a39-9bdf-6b2f6e1e8142]  [   0]
[MFLOG|0|2024-09-19T15:58:21.284643Z|runtime|311a0a7f-b218-44cb-a83f-c167ca544dda]  [   0]
[MFLOG|0|2024-09-19T15:58:21.284660Z|runtime|f6cb50e4-1545-4b0f-9e2b-64c68242d33a]  [   0]
[MFLOG|0|2024-09-19T15:58:21.284677Z|runtime|5919a5ba-fa0b-4535-81a2-9a543e1b797d]  [   0]
[MFLOG|0|2024-09-19T15:58:21.284695Z|runtime|5690632f-a2f7-4c7d-ac9c-a6325aff983a]  [   0]
[MFLOG|0|2024-09-19T15:58:21.284723Z|runtime|13b26ed9-166d-4ee6-93d0-a4fc38d09338]  [   0]
[MFLOG|0|2024-09-19T15:58:21.284743Z|runtime|318da1f8-c8a9-414a-8af9-fbf19f812097]  [   0]
[MFLOG|0|2024-09-19T15:58:21.284762Z|runtime|fbbb7e62-7aa8-4f75-ad97-71a8f74fb8aa]  [   0]
[MFLOG|0|2024-09-19T15:58:21.284782Z|runtime|bb4f9cbf-f358-4f38-a996-3b945b4e610f]  [   0]
[MFLOG|0|2024-09-19T15:58:21.284802Z|runtime|14a471a8-6a86-4dc3-a622-f75df7a74f83]  [   0]
[MFLOG|0|2024-09-19T15:58:21.284824Z|runtime|d83db45e-2a64-497e-9a38-8be01e8e325f]  [   0]
[MFLOG|0|2024-09-19T15:58:21.284841Z|runtime|cad8f09c-5394-4236-8ba0-a252eabb7d93]  [   0]
[MFLOG|0|2024-09-19T15:58:21.284859Z|runtime|fc16ce30-a7ea-4bca-9174-ab799debfcfe]  [   0]
[MFLOG|0|2024-09-19T15:58:21.284878Z|runtime|cda67ef8-0c0d-4974-964c-ce772825dfa9]  [   3]
[MFLOG|0|2024-09-19T15:58:21.284896Z|runtime|4e5611ce-331d-4505-ab30-b93e89023dde]  [  10]
[MFLOG|0|2024-09-19T15:58:21.284914Z|runtime|8f0bee23-0189-486e-9edf-b57277427b68]  [4877]
[MFLOG|0|2024-09-19T15:58:21.284935Z|runtime|cbff1b23-4ca3-4613-b294-5d68fd406754]  [1687]
[MFLOG|0|2024-09-19T15:58:21.284954Z|runtime|7220ab10-220c-4fcd-a61c-1e9b7795da4d]  [ 979]]
[MFLOG|0|2024-09-19T15:58:21.284972Z|runtime|a107bf2f-7d38-4883-8647-a7a29d5f227f]
[MFLOG|0|2024-09-19T15:58:21.284991Z|runtime|554e2225-3ffa-46db-8506-39baf9e31908] [[   0]
[MFLOG|0|2024-09-19T15:58:21.285009Z|runtime|94c386fd-4b4e-465f-9c4a-62f11dc74772]  [   0]
[MFLOG|0|2024-09-19T15:58:21.285027Z|runtime|5b4494ac-60e0-413e-99a6-8af9d324ebac]  [   0]
[MFLOG|0|2024-09-19T15:58:21.285045Z|runtime|1a19d633-1ca0-4b29-a91b-7c1f1a55ab63]  [   0]
[MFLOG|0|2024-09-19T15:58:21.285069Z|runtime|df3dc517-f5a8-4cf0-9c6c-d86e6ab96694]  [   0]
[MFLOG|0|2024-09-19T15:58:21.285087Z|runtime|06b9045c-6052-4212-921c-f114ccb2eae8]  [   0]
[MFLOG|0|2024-09-19T15:58:21.285104Z|runtime|5ff04763-8dd8-49be-8c3e-67e944567b81]  [   0]
[MFLOG|0|2024-09-19T15:58:21.285120Z|runtime|f60c397c-dd1d-4821-a386-2ebcee6c91c0]  [   0]
[MFLOG|0|2024-09-19T15:58:21.285136Z|runtime|4a8d5007-7f37-46e7-9095-3580953722c8]  [   0]
[MFLOG|0|2024-09-19T15:58:21.285154Z|runtime|57a9ac77-f81a-435e-b810-403ffb194297]  [   0]
[MFLOG|0|2024-09-19T15:58:21.285170Z|runtime|c20ebe87-7cd3-4162-9a0f-314d0a69dccd]  [   0]
[MFLOG|0|2024-09-19T15:58:21.285186Z|runtime|18070460-5c34-49e9-9738-fb27f754831c]  [   0]
[MFLOG|0|2024-09-19T15:58:21.285202Z|runtime|e4dfdcc7-8562-4ebe-9f3f-8298b3d07122]  [   0]
[MFLOG|0|2024-09-19T15:58:21.285219Z|runtime|bb0a5dbd-42db-4783-ab6a-d3666d3743ac]  [   0]
[MFLOG|0|2024-09-19T15:58:21.285235Z|runtime|4f84cd88-2c3b-4eed-80b4-b934f5039dff]  [   0]
[MFLOG|0|2024-09-19T15:58:21.285251Z|runtime|d9522c82-1334-4c4c-8b13-bec8bd527090]  [   0]
[MFLOG|0|2024-09-19T15:58:21.285603Z|runtime|cb0fe854-cea1-4a15-adfd-3b69dad2c00c]  [   0]
[MFLOG|0|2024-09-19T15:58:21.285624Z|runtime|c70e590d-be2a-4735-8666-fbdadba5a458]  [   0]
[MFLOG|0|2024-09-19T15:58:21.285642Z|runtime|3a1e58aa-e129-4eee-8258-41b07f5193d0]  [   0]
[MFLOG|0|2024-09-19T15:58:21.285660Z|runtime|c6052618-b741-4806-b269-cbdf4b075326]  [   0]
[MFLOG|0|2024-09-19T15:58:21.285680Z|runtime|ede21c7d-d685-4f7c-8663-c2bdbb977100]  [   0]
[MFLOG|0|2024-09-19T15:58:21.285699Z|runtime|1e83444c-1e01-4f09-b382-588d61bf4bc6]  [   0]
[MFLOG|0|2024-09-19T15:58:21.285717Z|runtime|20951dee-6524-421b-bc25-0ba0272180e8]  [   0]
[MFLOG|0|2024-09-19T15:58:21.285740Z|runtime|c9d8d082-9734-41a8-89ab-91727da0f8a6]  [   0]
[MFLOG|0|2024-09-19T15:58:21.285758Z|runtime|ae18486c-b9b6-4fc4-aacb-432f0ce066fe]  [   0]
[MFLOG|0|2024-09-19T15:58:21.285776Z|runtime|95db3bd8-6f57-4943-ace1-a57301a420ea]  [   0]
[MFLOG|0|2024-09-19T15:58:21.285797Z|runtime|b475f2ea-dd29-4753-a67d-41d98041047b]  [   0]
[MFLOG|0|2024-09-19T15:58:21.285815Z|runtime|84ca96b7-c7e4-4463-8e78-0e965ac1cdce]  [   0]
[MFLOG|0|2024-09-19T15:58:21.285833Z|runtime|22bd2693-9f7f-4bad-acbc-856002a660e7]  [   0]
[MFLOG|0|2024-09-19T15:58:21.285857Z|runtime|7c55bf6c-b596-4af2-922a-e202d7f067df]  [   0]
[MFLOG|0|2024-09-19T15:58:21.285882Z|runtime|0d9491a2-9438-4a2a-9ded-8198466e47fd]  [   0]
[MFLOG|0|2024-09-19T15:58:21.285912Z|runtime|11662506-1e93-4642-9215-4c2d461bcdda]  [   0]
[MFLOG|0|2024-09-19T15:58:21.285930Z|runtime|0fd41425-36df-4081-b0dd-3309a8a440f7]  [   0]
[MFLOG|0|2024-09-19T15:58:21.285956Z|runtime|172c498b-b7d4-4ec8-9b3d-23a7b3a27220]  [   0]
[MFLOG|0|2024-09-19T15:58:21.285974Z|runtime|576528c5-49b0-4a48-8deb-6ef5fb171641]  [   0]
[MFLOG|0|2024-09-19T15:58:21.285992Z|runtime|27a7f8de-7a11-4d3a-8440-65c9a80c0921]  [   0]
[MFLOG|0|2024-09-19T15:58:21.286010Z|runtime|45f71820-e196-49e3-ad02-7292952d78d1]  [   0]
[MFLOG|0|2024-09-19T15:58:21.286028Z|runtime|273a58a2-2954-447d-a681-8fa93b981223]  [   0]
[MFLOG|0|2024-09-19T15:58:21.286049Z|runtime|3fe78b70-7d10-46b2-bf58-9a1b5fb80dcc]  [   0]
[MFLOG|0|2024-09-19T15:58:21.286068Z|runtime|01ff8306-d963-4569-bc48-7ceb6fa48cda]  [   0]
[MFLOG|0|2024-09-19T15:58:21.286086Z|runtime|3a8c9feb-b5c6-4f2d-80b4-c6c37d718ea6]  [   0]
[MFLOG|0|2024-09-19T15:58:21.286119Z|runtime|8ddb949d-8200-4cc8-91ea-ea1a6ba1b37e]  [   0]
[MFLOG|0|2024-09-19T15:58:21.286143Z|runtime|10cdf32b-8056-456c-bf13-fef8e8b3acef]  [   0]
[MFLOG|0|2024-09-19T15:58:21.286166Z|runtime|32c409b7-7810-47ec-9826-fd3c8eabcb35]  [   0]
[MFLOG|0|2024-09-19T15:58:21.286184Z|runtime|5bba99bb-37c5-4765-83c4-ee6bd7d49eb8]  [   0]
[MFLOG|0|2024-09-19T15:58:21.286204Z|runtime|ff313244-89f6-435b-9372-6b7585354ed9]  [   0]
[MFLOG|0|2024-09-19T15:58:21.286229Z|runtime|c7b0820c-61d2-4608-aca5-918bf0cf3458]  [   0]
[MFLOG|0|2024-09-19T15:58:21.286251Z|runtime|053ea399-5717-443c-b2ef-dad6b724d850]  [   0]
[MFLOG|0|2024-09-19T15:58:21.286276Z|runtime|5e3d04b8-8bea-4c8f-8c1b-5ba28dcaa9cf]  [   0]
[MFLOG|0|2024-09-19T15:58:21.286374Z|runtime|31aa981f-d231-4ad2-8152-b481c1714a1d]  [   0]
[MFLOG|0|2024-09-19T15:58:21.286451Z|runtime|67235462-6918-4436-952f-691330033d72]  [   0]
[MFLOG|0|2024-09-19T15:58:21.286481Z|runtime|bf537db9-a87f-4591-a528-c405888c5cb4]  [   0]
[MFLOG|0|2024-09-19T15:58:21.286502Z|runtime|f5ab244b-a3d5-48a0-8adb-0d93cfdf685a]  [   0]
[MFLOG|0|2024-09-19T15:58:21.286522Z|runtime|12a26e04-d0f5-4ec7-9ab0-9a311ba24569]  [   0]
[MFLOG|0|2024-09-19T15:58:21.286541Z|runtime|7ee6a41f-c40d-4098-9c6a-bd1463cb34c4]  [   0]
[MFLOG|0|2024-09-19T15:58:21.286560Z|runtime|ae0debc4-1bf0-4bfe-8bdb-350904f15cfc]  [   0]
[MFLOG|0|2024-09-19T15:58:21.286583Z|runtime|b0298bc7-5115-4793-bb99-e2e449691e17]  [   0]
[MFLOG|0|2024-09-19T15:58:21.286603Z|runtime|5c0395e1-35fa-4525-85be-86544ce1c26a]  [   0]
[MFLOG|0|2024-09-19T15:58:21.286622Z|runtime|9e2fe6ff-f8cb-40c2-825b-af7c274c1f88]  [   0]
[MFLOG|0|2024-09-19T15:58:21.286640Z|runtime|93550fd1-25b9-4108-88c2-16e0199bb01f]  [   0]
[MFLOG|0|2024-09-19T15:58:21.286658Z|runtime|19ef8ee9-bc21-44ea-9260-4f2f2d76e4a8]  [   0]
[MFLOG|0|2024-09-19T15:58:21.286680Z|runtime|419b5639-3467-4507-be7f-3424972d60e7]  [   0]
[MFLOG|0|2024-09-19T15:58:21.286702Z|runtime|942394e0-801c-4d28-8866-c43ee7f54427]  [   0]
[MFLOG|0|2024-09-19T15:58:21.286723Z|runtime|d8c74c14-000d-44b4-adb1-849689ac0334]  [   0]
[MFLOG|0|2024-09-19T15:58:21.286742Z|runtime|32c2399e-24b6-4985-b28f-76c2200bc0e5]  [   0]
[MFLOG|0|2024-09-19T15:58:21.286758Z|runtime|0267ad7a-c0f3-40dc-b929-1f17f086b227]  [   0]
[MFLOG|0|2024-09-19T15:58:21.286782Z|runtime|ae8940a3-1ba2-4b50-b6b9-ff307b18b683]  [   0]
[MFLOG|0|2024-09-19T15:58:21.286802Z|runtime|1be9ea2d-90d4-44bf-831e-e99424b643e0]  [   0]
[MFLOG|0|2024-09-19T15:58:21.286820Z|runtime|7f2a0996-7e82-492f-a923-722bd12d0406]  [   0]
[MFLOG|0|2024-09-19T15:58:21.286838Z|runtime|7c27278b-d3f3-499d-ae36-ac3e881f07e5]  [   0]
[MFLOG|0|2024-09-19T15:58:21.286860Z|runtime|a41fdd0a-9329-4449-bc0e-cab62977eb42]  [   0]
[MFLOG|0|2024-09-19T15:58:21.286878Z|runtime|5f4da7c2-8af9-46f0-b908-83c82f7e69f8]  [   0]
[MFLOG|0|2024-09-19T15:58:21.286899Z|runtime|97df5f45-6192-49d2-a5e9-c60bc0824650]  [   0]
[MFLOG|0|2024-09-19T15:58:21.286917Z|runtime|3ec05aa9-aaf4-4f12-8696-f42590a138c1]  [   0]
[MFLOG|0|2024-09-19T15:58:21.286941Z|runtime|5b07ee95-3c0a-4b03-a6fa-b082abca5d49]  [   0]
[MFLOG|0|2024-09-19T15:58:21.286962Z|runtime|d9829396-dec7-444d-a2fc-706e5973c470]  [   0]
[MFLOG|0|2024-09-19T15:58:21.286979Z|runtime|e16234b7-9588-43a0-9bd3-a7e492d9abab]  [   0]
[MFLOG|0|2024-09-19T15:58:21.286995Z|runtime|fd41ee51-a3ec-47d8-bbc1-d43b49df0bf3]  [   0]
[MFLOG|0|2024-09-19T15:58:21.287012Z|runtime|dbf97e4f-cad4-42bc-879d-5498c8c610ae]  [   0]
[MFLOG|0|2024-09-19T15:58:21.287029Z|runtime|c1657256-cf77-4a67-89bb-b4e0aabf4dd8]  [   0]
[MFLOG|0|2024-09-19T15:58:21.287047Z|runtime|126e3bb2-2003-4a5b-ab0b-ac8033417735]  [   0]
[MFLOG|0|2024-09-19T15:58:21.287064Z|runtime|e0d83f7d-31af-48f5-819a-79d805f35300]  [   0]
[MFLOG|0|2024-09-19T15:58:21.287088Z|runtime|d55827c6-924d-4a1d-9c75-1702c1583358]  [   0]
[MFLOG|0|2024-09-19T15:58:21.287109Z|runtime|c3705b5b-4288-41c9-9bb9-a34f028591fc]  [   0]
[MFLOG|0|2024-09-19T15:58:21.287126Z|runtime|f3914b48-59f4-4041-9d63-59806e548f42]  [   0]
[MFLOG|0|2024-09-19T15:58:21.287142Z|runtime|597d0a84-a8bf-481a-bf16-7d5c189840aa]  [   0]
[MFLOG|0|2024-09-19T15:58:21.287159Z|runtime|ac0b4151-33c2-4793-b600-28d4395d96fd]  [   0]
[MFLOG|0|2024-09-19T15:58:21.287175Z|runtime|77eee2af-dac8-4602-9d08-f32c8dcb8b76]  [   0]
[MFLOG|0|2024-09-19T15:58:21.287192Z|runtime|90266802-0d94-4e7c-b8d0-ede8bbdbd234]  [   0]
[MFLOG|0|2024-09-19T15:58:21.287208Z|runtime|98fc3ba7-af5a-4529-914e-4169ba7b21ac]  [   0]
[MFLOG|0|2024-09-19T15:58:21.287225Z|runtime|ed122d0b-3ad7-45a9-9c24-9b6a99001e9c]  [   0]
[MFLOG|0|2024-09-19T15:58:21.287241Z|runtime|5af6ad45-b971-4e40-b65b-d85941a1cd93]  [   0]
[MFLOG|0|2024-09-19T15:58:21.287258Z|runtime|aa98b155-3f10-49ae-a3df-fb466ae87790]  [   0]
[MFLOG|0|2024-09-19T15:58:21.287274Z|runtime|5e61646d-1af4-4648-8115-25269c1aebb5]  [   0]
[MFLOG|0|2024-09-19T15:58:21.287291Z|runtime|6f6052f5-fee7-451d-a314-2d3c953ba4a0]  [   0]
[MFLOG|0|2024-09-19T15:58:21.287308Z|runtime|45c65eae-4341-4d0f-ad2c-1d72c547ae7f]  [   0]
[MFLOG|0|2024-09-19T15:58:21.287326Z|runtime|e5250355-9e9a-4b94-b6eb-b23a9c3187c0]  [   0]
[MFLOG|0|2024-09-19T15:58:21.287344Z|runtime|a4aa956d-174f-4e9b-97cf-ff234a6b6e62]  [   0]
[MFLOG|0|2024-09-19T15:58:21.287363Z|runtime|76f29489-8379-4c69-8a32-ef082501d007]  [   0]
[MFLOG|0|2024-09-19T15:58:21.287401Z|runtime|67c1f602-057a-4130-8727-6e959b22125e]  [   0]
[MFLOG|0|2024-09-19T15:58:21.287421Z|runtime|3f73ddbc-0876-4d40-b02e-4f19cec2953b]  [   0]
[MFLOG|0|2024-09-19T15:58:21.287438Z|runtime|5b8ff021-9bfd-4824-b532-fd957b325624]  [   0]
[MFLOG|0|2024-09-19T15:58:21.287455Z|runtime|81365d1d-6885-4dcf-a94b-f11db24ac75b]  [   0]
[MFLOG|0|2024-09-19T15:58:21.287472Z|runtime|4e3c9e8a-35ca-4999-9df0-3dd71e3051e0]  [   0]
[MFLOG|0|2024-09-19T15:58:21.287488Z|runtime|52e92662-aa4b-4d44-ae4b-29cc2f615991]  [   0]
[MFLOG|0|2024-09-19T15:58:21.287505Z|runtime|d72cf89d-09ca-40aa-ae87-b85c44b35800]  [   0]
[MFLOG|0|2024-09-19T15:58:21.287524Z|runtime|cc1448c9-90b2-48e3-8b30-87884059e7f5]  [   0]
[MFLOG|0|2024-09-19T15:58:21.287542Z|runtime|1c8d5373-06d3-4150-a19f-5607e265fac8]  [   0]
[MFLOG|0|2024-09-19T15:58:21.287560Z|runtime|753e21ec-e180-4330-8084-02ff33a3abd0]  [   0]
[MFLOG|0|2024-09-19T15:58:21.287577Z|runtime|7dc1ef58-755f-41a5-b0ff-7ce3189b24e9]  [   0]
[MFLOG|0|2024-09-19T15:58:21.287594Z|runtime|922f0180-7151-4a31-bdb9-38aaf2c95c26]  [   0]
[MFLOG|0|2024-09-19T15:58:21.287612Z|runtime|2b99b1d8-2185-4d64-816c-8a291901967e]  [   0]
[MFLOG|0|2024-09-19T15:58:21.287630Z|runtime|67019579-4e75-453c-aac5-1462fbef39fa]  [   0]
[MFLOG|0|2024-09-19T15:58:21.287648Z|runtime|6d1f623a-4d8c-4ed5-b556-da63f1d0dd60]  [   0]
[MFLOG|0|2024-09-19T15:58:21.287665Z|runtime|8800eb36-930b-4c0a-8717-0cb836bf5994]  [   0]
[MFLOG|0|2024-09-19T15:58:21.287684Z|runtime|ae9ca113-0c6c-4f7d-8b96-c7d6790ac58b]  [   0]
[MFLOG|0|2024-09-19T15:58:21.287702Z|runtime|5424a9c0-ed14-4e5e-9a87-a505c1f39393]  [   0]
[MFLOG|0|2024-09-19T15:58:21.287719Z|runtime|92e6be0c-2b2c-4c0a-87a5-f25b4ea15ebf]  [   3]
[MFLOG|0|2024-09-19T15:58:21.287736Z|runtime|f343da51-bd5d-46b2-99c6-20b789aefaf1]  [  29]
[MFLOG|0|2024-09-19T15:58:21.287755Z|runtime|76e376de-8491-4dab-9a4a-e5e113252b58]  [   5]
[MFLOG|0|2024-09-19T15:58:21.287772Z|runtime|7c0cd53c-07d0-4a2b-b047-9a99597d1da8]  [1235]
[MFLOG|0|2024-09-19T15:58:21.287790Z|runtime|9dcd6728-ea7c-4d2d-9520-53d70cb6d70b]  [   1]
[MFLOG|0|2024-09-19T15:58:21.287811Z|runtime|ff660074-3439-47ce-992a-1a90ffbb1765]  [1554]
[MFLOG|0|2024-09-19T15:58:21.287828Z|runtime|742bc76b-caa1-42ba-9312-f58a3cc78ffe]  [  27]
[MFLOG|0|2024-09-19T15:58:21.287844Z|runtime|8b6d901c-9dae-4e67-9485-61d458dd97f0]  [   8]
[MFLOG|0|2024-09-19T15:58:21.287860Z|runtime|967e1c3b-a0f7-4b4f-82ce-f6e5f0c753a4]  [ 313]
[MFLOG|0|2024-09-19T15:58:21.287876Z|runtime|99b04192-c416-4bac-8f79-c36732a0ce0b]  [   5]
[MFLOG|0|2024-09-19T15:58:21.287892Z|runtime|5af87f49-7ac0-4d13-ba0f-50129a845a08]  [  39]]
[MFLOG|0|2024-09-19T15:58:21.287910Z|runtime|e8352198-224f-4d9e-ab31-83423a375eca]
[MFLOG|0|2024-09-19T15:58:21.287928Z|runtime|a479a491-5034-4c41-b16b-3a016fd58f73] [[   0]
[MFLOG|0|2024-09-19T15:58:21.287945Z|runtime|1b2f4dd4-9b7e-4c3a-be59-d6bdf0e5d4fb]  [   0]
[MFLOG|0|2024-09-19T15:58:21.287962Z|runtime|dcb74f51-fe87-4a89-bb38-136d98e6e13f]  [   0]
[MFLOG|0|2024-09-19T15:58:21.287978Z|runtime|a0fe9a63-5a9c-4118-a8c5-c138f79c59d9]  [   0]
[MFLOG|0|2024-09-19T15:58:21.287994Z|runtime|94ff45ff-cfb5-4387-b3c8-7c61ad87329a]  [   0]
[MFLOG|0|2024-09-19T15:58:21.288011Z|runtime|d3b071ce-90cb-489b-8182-457aaa4a0df8]  [   0]
[MFLOG|0|2024-09-19T15:58:21.288027Z|runtime|a8dffd6f-d5b2-4ed6-b3cf-da3b3e682360]  [   0]
[MFLOG|0|2024-09-19T15:58:21.288044Z|runtime|43ee12f1-12db-4758-8647-7fbb8efddeef]  [   0]
[MFLOG|0|2024-09-19T15:58:21.288060Z|runtime|24489da9-8512-40f2-8849-c1d2dd9af345]  [   0]
[MFLOG|0|2024-09-19T15:58:21.288077Z|runtime|62674bb8-c98b-4235-abe6-bd6b348bf13f]  [   0]
[MFLOG|0|2024-09-19T15:58:21.288093Z|runtime|e79fa5e8-5fc5-4d13-af35-9fe240f66389]  [   0]
[MFLOG|0|2024-09-19T15:58:21.288109Z|runtime|51bfe37d-73d8-403f-97fa-33967aeaf84c]  [   0]
[MFLOG|0|2024-09-19T15:58:21.288126Z|runtime|b8486f79-fd52-44b6-b3b5-6746f9ee9171]  [   0]
[MFLOG|0|2024-09-19T15:58:21.288143Z|runtime|dcdcdd66-0e2f-4582-b75a-f653963536ea]  [   0]
[MFLOG|0|2024-09-19T15:58:21.288158Z|runtime|d7ec7448-3733-48b8-82f1-8aba56a585ab]  [   0]
[MFLOG|0|2024-09-19T15:58:21.288176Z|runtime|cd4f35b3-6eae-4793-aae1-969b01d43a16]  [   0]
[MFLOG|0|2024-09-19T15:58:21.288192Z|runtime|ae768e0f-15a5-44f8-a238-5244fbfb2e01]  [   0]
[MFLOG|0|2024-09-19T15:58:21.288209Z|runtime|b545abe6-38dd-4e6d-9f8f-4eaf4559f0b6]  [   0]
[MFLOG|0|2024-09-19T15:58:21.288226Z|runtime|f1d65b6c-2c16-488a-8cda-ce548598a185]  [   0]
[MFLOG|0|2024-09-19T15:58:21.288243Z|runtime|62004454-778d-4c08-bc9c-74bf2639486d]  [   0]
[MFLOG|0|2024-09-19T15:58:21.288260Z|runtime|03409c5c-210a-4e27-b090-18e8dc15de69]  [   0]
[MFLOG|0|2024-09-19T15:58:21.288277Z|runtime|72d4375a-d5f0-4ccc-a5b9-a6ec165c88b0]  [   0]
[MFLOG|0|2024-09-19T15:58:21.288294Z|runtime|382c6363-1b72-44e5-a121-6145c5094c0d]  [   0]
[MFLOG|0|2024-09-19T15:58:21.288311Z|runtime|335c3e2a-af98-4dc2-9d86-23d762db1421]  [   0]
[MFLOG|0|2024-09-19T15:58:21.288329Z|runtime|4477c711-af56-47b6-b3ed-0db2f28fc2aa]  [   0]
[MFLOG|0|2024-09-19T15:58:21.288345Z|runtime|6f2a4188-3924-4406-8f9f-868c2657a9c8]  [   0]
[MFLOG|0|2024-09-19T15:58:21.288362Z|runtime|b390bd85-ebc4-4028-90e6-89ca3681887f]  [   0]
[MFLOG|0|2024-09-19T15:58:21.288379Z|runtime|32617061-7198-448f-9e07-8a696400c84c]  [   0]
[MFLOG|0|2024-09-19T15:58:21.288396Z|runtime|b21563a6-89ca-4457-8a2d-0ee636a30f5c]  [   0]
[MFLOG|0|2024-09-19T15:58:21.288412Z|runtime|2a57d716-547f-400b-9426-efac48f6d2f4]  [   0]
[MFLOG|0|2024-09-19T15:58:21.288429Z|runtime|89c0839f-9ec5-44f4-9193-7c6ce449b456]  [   0]
[MFLOG|0|2024-09-19T15:58:21.288446Z|runtime|b09d62dd-e5c6-4cee-912a-cc822d174311]  [   0]
[MFLOG|0|2024-09-19T15:58:21.288463Z|runtime|b2865445-b0e4-40d9-95f5-76dd4bf0b131]  [   0]
[MFLOG|0|2024-09-19T15:58:21.288479Z|runtime|cccbffe1-d11b-4d63-ba52-2966e4df9faa]  [   0]
[MFLOG|0|2024-09-19T15:58:21.288496Z|runtime|1b1645bf-794c-40b1-aad7-87830aac586e]  [   0]
[MFLOG|0|2024-09-19T15:58:21.288514Z|runtime|b226a998-f316-42dc-8c55-bf1fc0c6d97a]  [   0]
[MFLOG|0|2024-09-19T15:58:21.288531Z|runtime|442f0c8e-79cb-49a0-97c5-6648ad63553a]  [   0]
[MFLOG|0|2024-09-19T15:58:21.288547Z|runtime|f81719f5-a4fc-4a81-bed8-e8fff3679a6f]  [   0]
[MFLOG|0|2024-09-19T15:58:21.288563Z|runtime|4285c92c-6e7d-4f53-95bf-b5103f5e6074]  [   0]
[MFLOG|0|2024-09-19T15:58:21.288580Z|runtime|b9363cf6-22e6-4509-bb7d-205076b5c998]  [   0]
[MFLOG|0|2024-09-19T15:58:21.288597Z|runtime|74488dd3-919d-45a5-bd04-68a5f3580afa]  [   0]
[MFLOG|0|2024-09-19T15:58:21.288615Z|runtime|8c3ffdbb-2b9f-4597-ba51-03f4a8254791]  [   0]
[MFLOG|0|2024-09-19T15:58:21.288632Z|runtime|2e22c545-7800-4bb1-8122-dc2d35b92a9b]  [   0]
[MFLOG|0|2024-09-19T15:58:21.288650Z|runtime|cede9d4f-6f8f-4aed-8df3-977ed364b58e]  [   0]
[MFLOG|0|2024-09-19T15:58:21.288668Z|runtime|906a02fd-097d-4034-b9ed-6793ae2d20f3]  [   0]
[MFLOG|0|2024-09-19T15:58:21.288686Z|runtime|8adde108-2888-4f57-a6b3-aef1c0fa016d]  [   0]
[MFLOG|0|2024-09-19T15:58:21.288704Z|runtime|e8479b17-1c18-441d-9dde-7f99bd0f72f9]  [   0]
[MFLOG|0|2024-09-19T15:58:21.288722Z|runtime|d378c76e-ea3e-4083-98e6-78a73cef004b]  [   0]
[MFLOG|0|2024-09-19T15:58:21.288741Z|runtime|f17befb7-3c72-4812-b440-142425c319f7]  [   0]
[MFLOG|0|2024-09-19T15:58:21.288757Z|runtime|22f24e8d-887e-4661-8525-4c18dc60f454]  [   0]
[MFLOG|0|2024-09-19T15:58:21.288773Z|runtime|2148f777-684b-4481-8ae6-da25ffb7df4d]  [   0]
[MFLOG|0|2024-09-19T15:58:21.288789Z|runtime|37bd8322-1d56-4c94-b261-f5ecab1a7987]  [   0]
[MFLOG|0|2024-09-19T15:58:21.288805Z|runtime|a9b473cb-c123-47f0-8b02-9a998d9232fb]  [   0]
[MFLOG|0|2024-09-19T15:58:21.288821Z|runtime|059baacb-92f4-4718-94ba-d4cb086b6fda]  [   0]
[MFLOG|0|2024-09-19T15:58:21.288837Z|runtime|539c92f2-27a3-4aa8-b77b-1423feb38e1b]  [   0]
[MFLOG|0|2024-09-19T15:58:21.288854Z|runtime|11b10583-e449-48e6-938a-7061a9c6a86b]  [   0]
[MFLOG|0|2024-09-19T15:58:21.288870Z|runtime|84fa05a9-33a2-46ff-8c32-910b5d0adcd3]  [   0]
[MFLOG|0|2024-09-19T15:58:21.288886Z|runtime|8d1ebcfb-d8e8-4a1e-955e-bcf7c1665395]  [   0]
[MFLOG|0|2024-09-19T15:58:21.289330Z|runtime|ea0c3aba-6300-4b99-ac16-cc62af671802]  [   0]
[MFLOG|0|2024-09-19T15:58:21.289391Z|runtime|e67962a2-fa76-4ee3-a864-77223f1483d5]  [   0]
[MFLOG|0|2024-09-19T15:58:21.289415Z|runtime|e08ea7cb-6a53-42e4-ac64-058c795b0c11]  [   0]
[MFLOG|0|2024-09-19T15:58:21.289435Z|runtime|6780f4a0-0961-4f4d-9dd5-8be8dabdc1fb]  [   0]
[MFLOG|0|2024-09-19T15:58:21.289453Z|runtime|75f62be5-8c8a-47a8-bf22-6e2bd03c153d]  [   0]
[MFLOG|0|2024-09-19T15:58:21.289471Z|runtime|3626a57a-a928-4686-860a-de6886d2338c]  [   0]
[MFLOG|0|2024-09-19T15:58:21.289488Z|runtime|6f049d6c-47e5-447f-a8bf-4dbefe87bf2b]  [   0]
[MFLOG|0|2024-09-19T15:58:21.289505Z|runtime|8499be49-c28c-4efb-8e73-c62e03bfb511]  [   0]
[MFLOG|0|2024-09-19T15:58:21.289523Z|runtime|d7de2fe3-3fa4-4c70-a659-fa25a0e58cf1]  [   0]
[MFLOG|0|2024-09-19T15:58:21.289540Z|runtime|a44024f3-6089-471f-8722-82b033a1aa53]  [   0]
[MFLOG|0|2024-09-19T15:58:21.289736Z|runtime|214ce49a-cc6e-4541-b765-ad3616d1c06d]  [   0]
[MFLOG|0|2024-09-19T15:58:21.289756Z|runtime|ea2c4c0a-689e-459e-9df2-9334ab5233bb]  [   0]
[MFLOG|0|2024-09-19T15:58:21.289773Z|runtime|0ba5ef78-02c7-4fd7-bd53-0ae1b060b99f]  [   0]
[MFLOG|0|2024-09-19T15:58:21.289791Z|runtime|355dced9-7ba7-47d3-8876-a0672362ba0a]  [   0]
[MFLOG|0|2024-09-19T15:58:21.289808Z|runtime|f3243671-44d9-4446-81ee-3e53a9bdee51]  [   0]
[MFLOG|0|2024-09-19T15:58:21.289825Z|runtime|f40a3a88-92d0-4269-a0ac-6405b2994b4a]  [   0]
[MFLOG|0|2024-09-19T15:58:21.289842Z|runtime|f4765c22-a8fc-458c-86e4-a570fa7d9c4e]  [   0]
[MFLOG|0|2024-09-19T15:58:21.289859Z|runtime|ddf225a3-d759-443e-ae10-60469829dc13]  [   0]
[MFLOG|0|2024-09-19T15:58:21.289875Z|runtime|11d94c01-f6d5-4444-8891-949c50ba7824]  [   0]
[MFLOG|0|2024-09-19T15:58:21.289892Z|runtime|2f2d98f6-b0b0-41fe-bd94-a15f63e1492d]  [   0]
[MFLOG|0|2024-09-19T15:58:21.289908Z|runtime|86b79c94-115a-4192-89be-69e64b139af9]  [   0]
[MFLOG|0|2024-09-19T15:58:21.289925Z|runtime|2d3f4ee2-6af0-48a3-ad66-ac5443ed132f]  [   0]
[MFLOG|0|2024-09-19T15:58:21.289943Z|runtime|2ad52759-1e6a-44ba-a94b-80afb89ae44c]  [   0]
[MFLOG|0|2024-09-19T15:58:21.289960Z|runtime|ca9c1013-e8b1-4eb9-aaef-d514d2766017]  [   0]
[MFLOG|0|2024-09-19T15:58:21.289976Z|runtime|aa82edaa-86eb-4119-83eb-e0e84d6d2594]  [   0]
[MFLOG|0|2024-09-19T15:58:21.289993Z|runtime|c8aa22f9-2b6e-4750-b6a9-3d543bbb016b]  [   0]
[MFLOG|0|2024-09-19T15:58:21.290011Z|runtime|2ce0e7a5-48be-4674-acb9-1844a8621304]  [   0]
[MFLOG|0|2024-09-19T15:58:21.290027Z|runtime|61f1139c-f25d-44e5-a630-3e7fedb4177b]  [   0]
[MFLOG|0|2024-09-19T15:58:21.290044Z|runtime|a23cf73f-ce8d-4fe9-affa-74d782dbdfaa]  [   0]
[MFLOG|0|2024-09-19T15:58:21.290061Z|runtime|f82ca276-4c73-4a98-9171-9f2d3c9fd585]  [   0]
[MFLOG|0|2024-09-19T15:58:21.290077Z|runtime|9bf47973-ed7c-4455-aef8-a5a1504ff610]  [   0]
[MFLOG|0|2024-09-19T15:58:21.290094Z|runtime|5524a107-5ccd-4a69-b3ad-cc47d9fdb072]  [   0]
[MFLOG|0|2024-09-19T15:58:21.290111Z|runtime|0562a650-a61e-40aa-bffb-02cbbc6e97c0]  [   0]
[MFLOG|0|2024-09-19T15:58:21.290127Z|runtime|de2a8263-4d3e-4f04-82a1-9ef81bdf0a8f]  [   0]
[MFLOG|0|2024-09-19T15:58:21.290144Z|runtime|d01d9e5f-a945-4cb1-8cd6-701f8a563614]  [   0]
[MFLOG|0|2024-09-19T15:58:21.290160Z|runtime|f03382c2-8ae7-4b1f-b666-f1d951d9d1f9]  [   0]
[MFLOG|0|2024-09-19T15:58:21.290176Z|runtime|928d2e15-a691-4b60-a9d7-c7c045f577dd]  [   0]
[MFLOG|0|2024-09-19T15:58:21.290193Z|runtime|14317485-ec07-4c1e-8e0c-1f1bb1a84cf4]  [   0]
[MFLOG|0|2024-09-19T15:58:21.290209Z|runtime|dc7b04cf-adff-43af-8716-32c43ec25ee1]  [   0]
[MFLOG|0|2024-09-19T15:58:21.290226Z|runtime|ccfdde5e-7107-46fc-9be6-34ecbfb18cbf]  [   0]
[MFLOG|0|2024-09-19T15:58:21.290243Z|runtime|4a46f53c-0df3-4bb4-954b-4062579c80d1]  [   0]
[MFLOG|0|2024-09-19T15:58:21.291132Z|runtime|3cc63954-535b-4c71-a1d2-56dd4e493819]  [   0]
[MFLOG|0|2024-09-19T15:58:21.291198Z|runtime|a45e4fe0-6000-491b-a329-14cc8bfc0bb7]  [   0]
[MFLOG|0|2024-09-19T15:58:21.291223Z|runtime|6adb2b0b-4f6e-43f0-a820-fb3d70fc37e9]  [   0]
[MFLOG|0|2024-09-19T15:58:21.291244Z|runtime|5669925f-635d-4b76-814a-d64477ef0469]  [   0]
[MFLOG|0|2024-09-19T15:58:21.291262Z|runtime|dc744d7f-8e96-4cd1-88e8-bb97bb0fbb74]  [   0]
[MFLOG|0|2024-09-19T15:58:21.291280Z|runtime|ff261bb2-ebd2-4e32-9d19-1e98fb0fc9a3]  [   0]
[MFLOG|0|2024-09-19T15:58:21.291299Z|runtime|07111fcf-40de-497c-abb4-04e0d501ad0e]  [   0]
[MFLOG|0|2024-09-19T15:58:21.291317Z|runtime|aff8460c-08b9-4109-ba5e-ca71c188142e]  [   0]
[MFLOG|0|2024-09-19T15:58:21.291334Z|runtime|dc8abfcd-6af6-401b-a476-094a47f26b97]  [   0]
[MFLOG|0|2024-09-19T15:58:21.291351Z|runtime|9fa14b9c-8ed0-4c86-9686-4f6a0542a8f7]  [   0]
[MFLOG|0|2024-09-19T15:58:21.291368Z|runtime|049bfd8c-4770-4e63-a027-67a761773fe7]  [   0]
[MFLOG|0|2024-09-19T15:58:21.291386Z|runtime|ee69d07f-f006-41f3-8cce-dcf4fb8e33bc]  [   0]
[MFLOG|0|2024-09-19T15:58:21.291403Z|runtime|4df7fa8c-eeec-40ad-92e6-509d7d45e08e]  [   0]
[MFLOG|0|2024-09-19T15:58:21.291420Z|runtime|b8d9e358-9863-4610-86c6-047b460cc3ce]  [   0]
[MFLOG|0|2024-09-19T15:58:21.291437Z|runtime|85ab86a2-00c8-435e-9e7f-8d5e7606b87b]  [   0]
[MFLOG|0|2024-09-19T15:58:21.291455Z|runtime|ab85a76c-43a5-42a5-ad65-030fe64b4717]  [   0]
[MFLOG|0|2024-09-19T15:58:21.291472Z|runtime|11c83c2a-a5b2-431d-a25d-918bc596de66]  [   0]
[MFLOG|0|2024-09-19T15:58:21.291489Z|runtime|adb4ae06-63bf-4909-8b8c-199e08325e79]  [   0]
[MFLOG|0|2024-09-19T15:58:21.291505Z|runtime|55467781-3044-4c62-a6a4-a31cc5e70a9f]  [   0]
[MFLOG|0|2024-09-19T15:58:21.291523Z|runtime|876eedad-fbf7-42e3-b8de-06323b0ff2c1]  [   0]
[MFLOG|0|2024-09-19T15:58:21.291540Z|runtime|d937896c-9f26-44c1-a567-839ba00cf080]  [   0]
[MFLOG|0|2024-09-19T15:58:21.291557Z|runtime|6dbe3e7c-3021-4071-b311-d227c00a1611]  [   0]
[MFLOG|0|2024-09-19T15:58:21.291574Z|runtime|c13dc6c7-aefa-48f9-9176-9e25c744d020]  [   0]
[MFLOG|0|2024-09-19T15:58:21.291591Z|runtime|b42de8f6-d3d3-48ac-9886-92ecebeb4c52]  [   0]
[MFLOG|0|2024-09-19T15:58:21.291611Z|runtime|edfd6222-4223-435f-9fcf-3d4ef1ad6575]  [   3]
[MFLOG|0|2024-09-19T15:58:21.291628Z|runtime|23c490a9-6ee3-476c-af51-9a07b7f63216]  [ 324]
[MFLOG|0|2024-09-19T15:58:21.291645Z|runtime|7d0f8fc3-dc93-49d2-896c-c768e4b750ed]  [   4]
[MFLOG|0|2024-09-19T15:58:21.291661Z|runtime|251e08ef-5619-4689-9972-567210389468]  [1092]
[MFLOG|0|2024-09-19T15:58:21.291678Z|runtime|dd6c6232-0fc1-4fd8-9129-210bc6fb015a]  [ 141]]
[MFLOG|0|2024-09-19T15:58:21.291695Z|runtime|d260d58d-fcb9-4489-8022-0503050e7079]
[MFLOG|0|2024-09-19T15:58:21.291713Z|runtime|e2db93ad-3a0c-479b-a04e-b8f678da5b3b] [[   0]
[MFLOG|0|2024-09-19T15:58:21.291731Z|runtime|a4b5ae47-a521-49a8-bbe7-9856d32ddfe7]  [   0]
[MFLOG|0|2024-09-19T15:58:21.291748Z|runtime|ddd2930c-0334-410e-a4fc-18ef5f77907b]  [   0]
[MFLOG|0|2024-09-19T15:58:21.291766Z|runtime|6f87c13f-88b2-4464-9123-600301018bbd]  [   0]
[MFLOG|0|2024-09-19T15:58:21.291782Z|runtime|cabdec7b-4682-4ced-9c7d-8d5f0f5982e2]  [   0]
[MFLOG|0|2024-09-19T15:58:21.291799Z|runtime|81d1baa1-479f-41b8-8ebf-b623c415813c]  [   0]
[MFLOG|0|2024-09-19T15:58:21.291816Z|runtime|7409a40e-56c3-41f1-b746-24d1a74137c2]  [   0]
[MFLOG|0|2024-09-19T15:58:21.291833Z|runtime|d2e50411-aae0-41f3-b3e5-8af01836e767]  [   0]
[MFLOG|0|2024-09-19T15:58:21.291850Z|runtime|227a8414-fb92-491c-99e0-5ed603823bcc]  [   0]
[MFLOG|0|2024-09-19T15:58:21.291868Z|runtime|3896c923-0171-4eaf-bc2a-df1c3948ca3c]  [   0]
[MFLOG|0|2024-09-19T15:58:21.291884Z|runtime|3ed88081-d69a-4226-8909-2c1b956eff5a]  [   0]
[MFLOG|0|2024-09-19T15:58:21.291901Z|runtime|87936437-08ef-4cb8-9453-af6a0f37a112]  [   0]
[MFLOG|0|2024-09-19T15:58:21.291918Z|runtime|4450fa65-030b-495e-a940-6b4d018cd9f1]  [   0]
[MFLOG|0|2024-09-19T15:58:21.291936Z|runtime|e1a73356-fc02-4c4d-87e7-554668c3918b]  [   0]
[MFLOG|0|2024-09-19T15:58:21.291953Z|runtime|50e77d44-fb8d-4a21-8c3c-930d98773199]  [   0]
[MFLOG|0|2024-09-19T15:58:21.291970Z|runtime|08574b76-4d7b-491e-8eff-049d7503feec]  [   0]
[MFLOG|0|2024-09-19T15:58:21.291988Z|runtime|1ecbd449-b6ca-49e7-bcee-f9571198ece3]  [   0]
[MFLOG|0|2024-09-19T15:58:21.292006Z|runtime|e170387d-1114-46a3-ac3d-4213a6d613a8]  [   0]
[MFLOG|0|2024-09-19T15:58:21.292023Z|runtime|be50a140-74a0-4072-a75f-f806afe09b89]  [   0]
[MFLOG|0|2024-09-19T15:58:21.292041Z|runtime|07790827-9459-437b-8496-06a4c2d3039e]  [   0]
[MFLOG|0|2024-09-19T15:58:21.292059Z|runtime|d13da8d9-fa4c-4cfa-939b-cfbcd98b1df4]  [   0]
[MFLOG|0|2024-09-19T15:58:21.292076Z|runtime|76559545-3c27-4866-8cc2-e4bbb25f4a4b]  [   0]
[MFLOG|0|2024-09-19T15:58:21.292093Z|runtime|2515e358-a7ea-4323-9a2c-24f52314df10]  [   0]
[MFLOG|0|2024-09-19T15:58:21.292110Z|runtime|9d42191e-e21c-42ef-865b-d104337dc252]  [   0]
[MFLOG|0|2024-09-19T15:58:21.292126Z|runtime|af73b6d0-7d3b-4609-96a0-dba0afbceba1]  [   0]
[MFLOG|0|2024-09-19T15:58:21.292143Z|runtime|0a31d4cd-922e-45fb-b91c-ae2083e59ba8]  [   0]
[MFLOG|0|2024-09-19T15:58:21.292160Z|runtime|7f7b953a-adc5-412d-9d76-bef2805666f8]  [   0]
[MFLOG|0|2024-09-19T15:58:21.292177Z|runtime|898b0b6a-85f8-433a-8b12-639e44f3f781]  [   0]
[MFLOG|0|2024-09-19T15:58:21.292195Z|runtime|78796280-1ed7-4c4a-b3cc-a35588857e41]  [   0]
[MFLOG|0|2024-09-19T15:58:21.292215Z|runtime|adbf4b8c-96d7-4e50-bd9b-8cf5f0853f22]  [   0]
[MFLOG|0|2024-09-19T15:58:21.292235Z|runtime|4c2db9f4-5a80-44b0-a9f5-02ac625b6d5c]  [   0]
[MFLOG|0|2024-09-19T15:58:21.292255Z|runtime|7576f9e3-c9ee-4631-80f0-0d84fcbffd8f]  [   0]
[MFLOG|0|2024-09-19T15:58:21.292272Z|runtime|95949456-2ddc-46ce-ae6d-f99a14082014]  [   0]
[MFLOG|0|2024-09-19T15:58:21.292289Z|runtime|92e52e8b-f039-4514-bbd7-41862bff9936]  [   0]
[MFLOG|0|2024-09-19T15:58:21.292306Z|runtime|2ee56615-c646-41c6-8445-f3f06a6a334d]  [   0]
[MFLOG|0|2024-09-19T15:58:21.292327Z|runtime|014de2c7-bae9-4c9e-a658-926b0734a1bd]  [   0]
[MFLOG|0|2024-09-19T15:58:21.292343Z|runtime|eecd3c01-1e8f-4b32-ae9b-d85370d79dfd]  [   0]
[MFLOG|0|2024-09-19T15:58:21.292360Z|runtime|3bc38feb-c096-4666-a417-d269e3c57c69]  [   0]
[MFLOG|0|2024-09-19T15:58:21.292378Z|runtime|eabff3f1-4b4e-4359-87d5-1f2b492e4d76]  [   0]
[MFLOG|0|2024-09-19T15:58:21.292395Z|runtime|212db395-e1d7-4125-a523-144f713ebf0e]  [   0]
[MFLOG|0|2024-09-19T15:58:21.292415Z|runtime|df715429-637a-46f9-b0b1-6217487acfe8]  [   0]
[MFLOG|0|2024-09-19T15:58:21.292435Z|runtime|0b18a1ff-1018-4bc1-9d00-a2707476c3ef]  [   0]
[MFLOG|0|2024-09-19T15:58:21.292453Z|runtime|fb38cb24-ae6d-4c30-bcc4-c98872ee180f]  [   0]
[MFLOG|0|2024-09-19T15:58:21.292469Z|runtime|8b1d6914-9a9a-464c-9ff5-d59d76a60e3d]  [   0]
[MFLOG|0|2024-09-19T15:58:21.292486Z|runtime|11612f99-bfcf-463b-894b-14fc36ca2747]  [   0]
[MFLOG|0|2024-09-19T15:58:21.292502Z|runtime|99285bde-5418-433f-b66b-898a5d64aca9]  [   0]
[MFLOG|0|2024-09-19T15:58:21.292519Z|runtime|7b45cbb3-620b-42c8-ac9a-f9f8cb949f7d]  [   0]
[MFLOG|0|2024-09-19T15:58:21.292536Z|runtime|29512374-096e-4e80-883b-38b15d1db1bc]  [   0]
[MFLOG|0|2024-09-19T15:58:21.292552Z|runtime|3d4a7e97-7dd3-4ccf-97a4-8fb827ab60d9]  [   0]
[MFLOG|0|2024-09-19T15:58:21.292570Z|runtime|d787daab-6167-4306-87d5-3a4b3fb4a1c5]  [   0]
[MFLOG|0|2024-09-19T15:58:21.292587Z|runtime|b561ddda-e783-42b1-adb7-42df1bcf25a3]  [   0]
[MFLOG|0|2024-09-19T15:58:21.292609Z|runtime|25a65700-ab6c-4d3f-9d97-878465338ae5]  [   0]
[MFLOG|0|2024-09-19T15:58:21.292626Z|runtime|d97faf70-f6aa-4e9b-889d-9824d3ee71f7]  [   0]
[MFLOG|0|2024-09-19T15:58:21.292642Z|runtime|6ae23072-ffeb-4a48-980c-ea6079b2cdb6]  [   0]
[MFLOG|0|2024-09-19T15:58:21.292660Z|runtime|0bdffc46-0f15-4174-b78d-c82a58b3dcf1]  [   0]
[MFLOG|0|2024-09-19T15:58:21.292677Z|runtime|2251f58a-6c5e-467d-bec0-f2040330aafb]  [   0]
[MFLOG|0|2024-09-19T15:58:21.292694Z|runtime|dec9b682-a66a-4978-8521-7c4ffd79d890]  [   0]
[MFLOG|0|2024-09-19T15:58:21.292710Z|runtime|60e15de6-e8ed-4671-8281-090d173a0ec9]  [   0]
[MFLOG|0|2024-09-19T15:58:21.292728Z|runtime|07439285-7ab1-4179-a7d5-84014355d231]  [   0]
[MFLOG|0|2024-09-19T15:58:21.292747Z|runtime|7013fa8a-f38b-404c-9b6e-22463ccc98b5]  [   0]
[MFLOG|0|2024-09-19T15:58:21.292764Z|runtime|4a9f1017-249e-447c-892f-677faa4fa235]  [   0]
[MFLOG|0|2024-09-19T15:58:21.292781Z|runtime|7361a400-0378-447e-8ea1-e72478fdd969]  [   0]
[MFLOG|0|2024-09-19T15:58:21.292799Z|runtime|b88d132d-5db1-4d1e-81de-cd67c2bf9d7e]  [   0]
[MFLOG|0|2024-09-19T15:58:21.292817Z|runtime|cde2f170-e127-426e-90ac-301f7b3b7c71]  [   0]
[MFLOG|0|2024-09-19T15:58:21.292834Z|runtime|30c64132-152d-4595-aed3-c2e832549334]  [   0]
[MFLOG|0|2024-09-19T15:58:21.292855Z|runtime|009d4b27-4741-4729-952a-6c8de84f2bf1]  [   0]
[MFLOG|0|2024-09-19T15:58:21.292872Z|runtime|eb3b968c-d175-4274-876f-a133c9513795]  [   0]
[MFLOG|0|2024-09-19T15:58:21.292890Z|runtime|0739fd51-e95c-4903-b7b2-e84b20fa70ae]  [   0]
[MFLOG|0|2024-09-19T15:58:21.292907Z|runtime|a0ee3500-e25c-43ea-991a-f554f6bbfc2e]  [   0]
[MFLOG|0|2024-09-19T15:58:21.292925Z|runtime|35fa5b32-8f66-4f7f-a757-2601270af8f3]  [   0]
[MFLOG|0|2024-09-19T15:58:21.292942Z|runtime|4bccb457-c90e-4faa-940a-0a82c695b2d8]  [   0]
[MFLOG|0|2024-09-19T15:58:21.292958Z|runtime|e15e925a-4a4b-49f2-bcbb-c65d71e86a6c]  [   0]
[MFLOG|0|2024-09-19T15:58:21.292975Z|runtime|c9a29313-d0d8-4294-b398-4889f3539b84]  [   0]
[MFLOG|0|2024-09-19T15:58:21.292991Z|runtime|493f57b6-9184-4b27-ab44-d7bbcf5f14d7]  [   0]
[MFLOG|0|2024-09-19T15:58:21.293007Z|runtime|76ba75df-f9bb-4ed4-a883-d70e85ea5116]  [   0]
[MFLOG|0|2024-09-19T15:58:21.293024Z|runtime|8f25a525-88d5-4223-949a-0a59c85fb137]  [   0]
[MFLOG|0|2024-09-19T15:58:21.293040Z|runtime|f3a3461e-f01d-4795-9adc-a3833746b75b]  [   0]
[MFLOG|0|2024-09-19T15:58:21.293057Z|runtime|54d8b2cc-a3cd-4cb9-8874-ddbdbbafec91]  [   0]
[MFLOG|0|2024-09-19T15:58:21.293073Z|runtime|f8e47f96-dd29-47aa-92bc-82ed5e8f9dd4]  [   0]
[MFLOG|0|2024-09-19T15:58:21.293090Z|runtime|0e3a167e-26c9-4d6f-aecf-bfb9d32db189]  [   0]
[MFLOG|0|2024-09-19T15:58:21.293107Z|runtime|932d35fd-747b-4b8d-93c5-e5f80399fdbf]  [   0]
[MFLOG|0|2024-09-19T15:58:21.293126Z|runtime|d8de13ab-c2d6-4d44-8617-e80e8209e155]  [   0]
[MFLOG|0|2024-09-19T15:58:21.293143Z|runtime|2763b2a2-fe8a-4272-8b36-2b2f2d4072c5]  [   0]
[MFLOG|0|2024-09-19T15:58:21.293159Z|runtime|13dc5e17-085d-4f37-97fa-7975ea8c7d0c]  [   0]
[MFLOG|0|2024-09-19T15:58:21.293176Z|runtime|960622df-6529-4b5e-828d-70c86e9052f7]  [   0]
[MFLOG|0|2024-09-19T15:58:21.293192Z|runtime|f83662d1-6a65-4700-bd3d-4fb09bb44cd0]  [   0]
[MFLOG|0|2024-09-19T15:58:21.293207Z|runtime|6635b0fc-7766-4f7d-bb43-5ef2d89010f2]  [   0]
[MFLOG|0|2024-09-19T15:58:21.293223Z|runtime|fd3686c5-7f04-49d5-88a3-556341e1ee90]  [   0]
[MFLOG|0|2024-09-19T15:58:21.293239Z|runtime|d011a0b6-26d5-4ac8-a87c-d342496deff0]  [   0]
[MFLOG|0|2024-09-19T15:58:21.293255Z|runtime|9db41f0d-39d0-47dc-941f-f58a4237617b]  [   0]
[MFLOG|0|2024-09-19T15:58:21.293271Z|runtime|06c7081c-8fdc-4083-8d95-84f1293ab443]  [   0]
[MFLOG|0|2024-09-19T15:58:21.293431Z|runtime|3d7f5084-7d6f-4014-adab-0e876e600839]  [   0]
[MFLOG|0|2024-09-19T15:58:21.293520Z|runtime|7609e77b-b74a-451a-b251-b3a7ec93bfb8]  [   0]
[MFLOG|0|2024-09-19T15:58:21.293550Z|runtime|8ddc879c-e04c-4245-9ebe-161bdb325d1d]  [   0]
[MFLOG|0|2024-09-19T15:58:21.293573Z|runtime|64a446d9-a661-40e9-ad19-b245024a685f]  [   0]
[MFLOG|0|2024-09-19T15:58:21.293593Z|runtime|7f3b5729-0efa-42d6-8611-505d62d24c3b]  [   0]
[MFLOG|0|2024-09-19T15:58:21.293611Z|runtime|b23b7330-284f-403e-992e-e2f98769ff5b]  [   0]
[MFLOG|0|2024-09-19T15:58:21.293628Z|runtime|f258c235-848e-48bd-98d3-2e04db82233a]  [   0]
[MFLOG|0|2024-09-19T15:58:21.293646Z|runtime|980d9621-0a04-4e2a-be6b-3fd1508197a3]  [   0]
[MFLOG|0|2024-09-19T15:58:21.293663Z|runtime|9f054a96-27e1-429d-8753-f18d6544d296]  [   0]
[MFLOG|0|2024-09-19T15:58:21.293680Z|runtime|3bcafb05-9ad6-4509-8a19-21cd88333c62]  [   0]
[MFLOG|0|2024-09-19T15:58:21.293697Z|runtime|052ba0a7-a226-4ebd-af55-35bedf667f78]  [   0]
[MFLOG|0|2024-09-19T15:58:21.294005Z|runtime|319e47a3-33d0-40f5-9263-e63ac57a4af1]  [   0]
[MFLOG|0|2024-09-19T15:58:21.294257Z|runtime|51738e31-46a6-481a-bc0c-f30f0f4103b2]  [   0]
[MFLOG|0|2024-09-19T15:58:21.294285Z|runtime|b7cb3c1d-3d55-49ad-8245-4a53702408b1]  [   0]
[MFLOG|0|2024-09-19T15:58:21.294303Z|runtime|b3cb1834-2f2b-47ae-9765-b4b3393c1408]  [   0]
[MFLOG|0|2024-09-19T15:58:21.294321Z|runtime|4f2db568-2dac-4604-944a-f7b229f31f8a]  [   0]
[MFLOG|0|2024-09-19T15:58:21.294337Z|runtime|1bd5d73b-d711-4348-ab1d-e02920e1ae81]  [   0]
[MFLOG|0|2024-09-19T15:58:21.294354Z|runtime|eff907bf-7206-4357-8046-648dca907502]  [   0]
[MFLOG|0|2024-09-19T15:58:21.294370Z|runtime|6b86aba7-6f1f-48a7-8f14-f9130a20c86a]  [   0]
[MFLOG|0|2024-09-19T15:58:21.294387Z|runtime|63ff3f1c-dbe8-409e-8efd-10ade8bfd3ae]  [   0]
[MFLOG|0|2024-09-19T15:58:21.294403Z|runtime|72dae93f-bce1-436f-9eac-716a01643159]  [   0]
[MFLOG|0|2024-09-19T15:58:21.294420Z|runtime|0b0f602c-70d9-4c75-9689-6ca32852e59b]  [   0]
[MFLOG|0|2024-09-19T15:58:21.294436Z|runtime|af9f17bf-8317-4ec6-a9bb-9650c857d385]  [   0]
[MFLOG|0|2024-09-19T15:58:21.294452Z|runtime|f2d977b5-90bf-4284-9ecb-d1e867b58130]  [   0]
[MFLOG|0|2024-09-19T15:58:21.294511Z|runtime|55ac1253-d232-4d38-add1-6009361fae29]  [   0]
[MFLOG|0|2024-09-19T15:58:21.294539Z|runtime|6deae728-1053-4913-a2ab-2bc3e5c8c175]  [   0]
[MFLOG|0|2024-09-19T15:58:21.294559Z|runtime|b7b702f7-a0e9-4fad-bb86-2b3ba10f2e16]  [   0]
[MFLOG|0|2024-09-19T15:58:21.294580Z|runtime|b0814745-6e02-4ef7-b64e-4fb5a750e1cd]  [   0]
[MFLOG|0|2024-09-19T15:58:21.294597Z|runtime|9e99cd01-b9e7-4f5b-9131-ebc84c344ad8]  [   0]
[MFLOG|0|2024-09-19T15:58:21.294614Z|runtime|0132d17f-ce4d-4704-a6d1-68c48d4d320d]  [  45]
[MFLOG|0|2024-09-19T15:58:21.294631Z|runtime|71deae42-6d96-4616-98d9-9ee3774f3567]  [ 140]
[MFLOG|0|2024-09-19T15:58:21.294647Z|runtime|34b567ca-70d4-4c52-907f-e6978bae6521]  [ 144]
[MFLOG|0|2024-09-19T15:58:21.294664Z|runtime|f751da6c-e23b-4d96-85d9-33148e12ea95]  [  53]
[MFLOG|0|2024-09-19T15:58:21.294680Z|runtime|aa27dac8-9912-4378-a40a-26de039053e4]  [  15]
[MFLOG|0|2024-09-19T15:58:21.294697Z|runtime|cc9e35a3-876b-4876-af88-a690ee5d96b6]  [  31]
[MFLOG|0|2024-09-19T15:58:21.294714Z|runtime|8c04f899-ef3c-4345-912b-d2fe50e942c8]  [  15]
[MFLOG|0|2024-09-19T15:58:21.294731Z|runtime|4f837fd1-b046-4aa6-80ae-2aae106b244d]  [  52]]]
[MFLOG|0|2024-09-19T15:58:21.294751Z|runtime|14e70cbd-87a2-4811-aa30-b98652fb0399]y_train [[1. 0. 0.]
[MFLOG|0|2024-09-19T15:58:21.320799Z|runtime|079ab7cc-f7bc-433c-a0aa-50786cff8efa] [0. 1. 0.]
[MFLOG|0|2024-09-19T15:58:21.320965Z|runtime|4c7ce838-68aa-4e53-b619-effde5096f5a] [0. 1. 0.]
[MFLOG|0|2024-09-19T15:58:21.321006Z|runtime|4dc3c1c4-f5e3-4b44-a652-bf1773ff8166] [0. 1. 0.]
[MFLOG|0|2024-09-19T15:58:21.321028Z|runtime|220af552-92c7-40a4-96d7-392cab4a8865] [0. 0. 1.]]
[MFLOG|0|2024-09-19T15:58:21.321049Z|runtime|2bc3a57a-7894-4b24-98a6-db33543df21a]Epoch 1/10
